Flutter crash report.
Please report a bug at https://github.com/flutter/flutter/issues.

## command

flutter run --machine --target lib\main.dart -d R58M31RMHPK --track-widget-creation --dart-define=flutter.inspector.structuredErrors=true --start-paused --web-server-debug-protocol ws --web-allow-expose-url

## exception

ProcessException: ProcessException: Process exited abnormally:
adb.exe: error: more than one device/emulator
  Command: C:\Users\Ahmed Waseem\AppData\Local\Android\sdk\platform-tools\adb.exe -s R58M31RMHPK forward --remove tcp:60040

```
#0      RunResult.throwException (package:flutter_tools/src/base/process.dart:172:5)
#1      AndroidDevicePortForwarder.unforward (package:flutter_tools/src/android/android_device.dart:1268:15)
<asynchronous suspension>
#2      AndroidDevicePortForwarder.dispose (package:flutter_tools/src/android/android_device.dart:1274:13)
#3      AndroidDevice.dispose (package:flutter_tools/src/android/android_device.dart:778:27)
#4      HotRunner.cleanupAtFinish (package:flutter_tools/src/run_hot.dart:1162:34)
#5      ResidentRunner.waitForAppToFinish (package:flutter_tools/src/resident_runner.dart:1205:11)
<asynchronous suspension>
#6      RunCommand.runCommand (package:flutter_tools/src/commands/run.dart:431:43)
<asynchronous suspension>
#7      FlutterCommand.verifyThenRunCommand (package:flutter_tools/src/runner/flutter_command.dart:797:18)
#8      _rootRunUnary (dart:async/zone.dart:1198:47)
#9      _CustomZone.runUnary (dart:async/zone.dart:1100:19)
#10     _FutureListener.handleValue (dart:async/future_impl.dart:143:18)
#11     Future._propagateToListeners.handleValueCallback (dart:async/future_impl.dart:696:45)
#12     Future._propagateToListeners (dart:async/future_impl.dart:725:32)
#13     Future._completeWithValue (dart:async/future_impl.dart:529:5)
#14     _AsyncAwaitCompleter.complete (dart:async-patch/async_patch.dart:40:15)
#15     _completeOnAsyncReturn (dart:async-patch/async_patch.dart:311:13)
#16     RunCommand.usageValues (package:flutter_tools/src/commands/run.dart)
#17     _rootRunUnary (dart:async/zone.dart:1198:47)
#18     _CustomZone.runUnary (dart:async/zone.dart:1100:19)
#19     _FutureListener.handleValue (dart:async/future_impl.dart:143:18)
#20     Future._propagateToListeners.handleValueCallback (dart:async/future_impl.dart:696:45)
#21     Future._propagateToListeners (dart:async/future_impl.dart:725:32)
#22     Future._completeWithValue (dart:async/future_impl.dart:529:5)
#23     _AsyncAwaitCompleter.complete (dart:async-patch/async_patch.dart:40:15)
#24     _completeOnAsyncReturn (dart:async-patch/async_patch.dart:311:13)
#25     AndroidDevice.isLocalEmulator (package:flutter_tools/src/android/android_device.dart)
#26     _rootRunUnary (dart:async/zone.dart:1198:47)
#27     _CustomZone.runUnary (dart:async/zone.dart:1100:19)
#28     _FutureListener.handleValue (dart:async/future_impl.dart:143:18)
#29     Future._propagateToListeners.handleValueCallback (dart:async/future_impl.dart:696:45)
#30     Future._propagateToListeners (dart:async/future_impl.dart:725:32)
#31     Future._completeWithValue (dart:async/future_impl.dart:529:5)
#32     Future._asyncCompleteWithValue.<anonymous closure> (dart:async/future_impl.dart:567:7)
#33     _rootRun (dart:async/zone.dart:1190:13)
#34     _CustomZone.run (dart:async/zone.dart:1093:19)
#35     _CustomZone.runGuarded (dart:async/zone.dart:997:7)
#36     _CustomZone.bindCallbackGuarded.<anonymous closure> (dart:async/zone.dart:1037:23)
#37     _microtaskLoop (dart:async/schedule_microtask.dart:41:21)
#38     _startMicrotaskLoop (dart:async/schedule_microtask.dart:50:5)
#39     _runPendingImmediateCallback (dart:isolate-patch/isolate_patch.dart:118:13)
#40     _RawReceivePortImpl._handleMessage (dart:isolate-patch/isolate_patch.dart:169:5)
```

## flutter doctor

```
[✓] Flutter (Channel beta, 1.19.0-4.3.pre, on Microsoft Windows [Version 10.0.19041.329], locale en-US)
    • Flutter version 1.19.0-4.3.pre at D:\Windows\flutter
    • Framework revision 8fe7655ed2 (12 days ago), 2020-07-01 14:31:18 -0700
    • Engine revision 9a28c3bcf4
    • Dart version 2.9.0 (build 2.9.0-14.1.beta)

[✓] Android toolchain - develop for Android devices (Android SDK version 30.0.0)
    • Android SDK at C:\Users\Ahmed Waseem\AppData\Local\Android\sdk
    • Platform android-30, build-tools 30.0.0
    • Java binary at: C:\Program Files\Android\Android Studio\jre\bin\java
    • Java version OpenJDK Runtime Environment (build 1.8.0_242-release-1644-b01)
    • All Android licenses accepted.

[✓] Chrome - develop for the web
    • Chrome at C:\Program Files (x86)\Google\Chrome\Application\chrome.exe

[✓] Android Studio (version 4.0)
    • Android Studio at C:\Program Files\Android\Android Studio
    • Flutter plugin version 46.0.2
    • Dart plugin version 193.7361
    • Java version OpenJDK Runtime Environment (build 1.8.0_242-release-1644-b01)

[✓] VS Code (version 1.47.0)
    • VS Code at C:\Users\Ahmed Waseem\AppData\Local\Programs\Microsoft VS Code
    • Flutter extension version 3.12.2

[✓] Connected device (3 available)
    • SM A505F   • R58M31RMHPK • android-arm64  • Android 10 (API 29)
    • Web Server • web-server  • web-javascript • Flutter Tools
    • Chrome     • chrome      • web-javascript • Google Chrome 83.0.4103.116

• No issues found!
```
